<?xml version="1.0" encoding="UTF-8"?>
<!-- Generated by org.testng.reporters.JUnitReportReporter -->
<testsuite hostname="DESKTOP-8E6FMOL" failures="0" tests="2" name="com.saucedemo.TestPack.TC01LoginFunctionality" time="5.601" errors="0" timestamp="2023-03-10T16:46:27 IST" skipped="1">
  <testcase classname="com.saucedemo.TestPack.TC01LoginFunctionality" name="loginfunctionality" time="5.601"/>
  <system-out/>
  <testcase classname="com.saucedemo.TestPack.TC01LoginFunctionality" name="addtocartproductfunctionality">
    <skipped/>
  </testcase> <!-- addtocartproductfunctionality -->
  <system-out/>
</testsuite> <!-- com.saucedemo.TestPack.TC01LoginFunctionality -->
