<?xml version="1.0" encoding="UTF-8"?>
<!-- Generated by org.testng.reporters.JUnitReportReporter -->
<testsuite hostname="DESKTOP-8E6FMOL" failures="0" tests="1" name="com.saucedemo.TestPack.TC04Logoutfunctionality" time="4.500" errors="0" timestamp="2023-03-10T16:46:27 IST" skipped="0">
  <testcase classname="com.saucedemo.TestPack.TC04Logoutfunctionality" name="logoutfunctionality" time="4.500"/>
  <system-out/>
</testsuite> <!-- com.saucedemo.TestPack.TC04Logoutfunctionality -->
