<?xml version="1.0" encoding="UTF-8"?>
<!-- Generated by org.testng.reporters.JUnitReportReporter -->
<testsuite hostname="DESKTOP-8E6FMOL" failures="0" tests="1" name="com.saucedemo.TestPack.TC02AddtoCartproductfunctionality" time="4.836" errors="0" timestamp="2023-03-10T16:46:27 IST" skipped="0">
  <testcase classname="com.saucedemo.TestPack.TC02AddtoCartproductfunctionality" name="addtocartproductfunctionality" time="4.836"/>
  <system-out/>
</testsuite> <!-- com.saucedemo.TestPack.TC02AddtoCartproductfunctionality -->
